2025-11-24 14:39:48 | INFO | Logging initialized. Log file: /Users/odin/Documents/MLE/translation/outputs/training_20251124_143948.log
2025-11-24 14:39:48 | INFO | ======================================================================
2025-11-24 14:39:48 | INFO | Training Configuration
2025-11-24 14:39:48 | INFO | ======================================================================
2025-11-24 14:39:48 | INFO | Device: mps
2025-11-24 14:39:48 | INFO | Vocabulary Size: 30000
2025-11-24 14:39:48 | INFO | Embedding Dim: 256
2025-11-24 14:39:48 | INFO | Hidden Dim: 512
2025-11-24 14:39:48 | INFO | Num Layers: 2
2025-11-24 14:39:48 | INFO | Dropout: 0.3
2025-11-24 14:39:48 | INFO | Batch Size: 64
2025-11-24 14:39:48 | INFO | Learning Rate: 0.001
2025-11-24 14:39:48 | INFO | Num Epochs: 20
2025-11-24 14:39:48 | INFO | Beam Width: 5
2025-11-24 14:39:48 | INFO | ======================================================================
2025-11-24 14:39:48 | INFO | Initializing tokenizer and loading data...
2025-11-24 14:39:53 | INFO | Source vocabulary size: 18263
2025-11-24 14:39:53 | INFO | Target vocabulary size: 26108
2025-11-24 14:39:53 | INFO | Initializing model...
2025-11-24 14:39:55 | INFO | Model has 99,621,116 trainable parameters
2025-11-24 14:39:58 | INFO | ======================================================================
2025-11-24 14:39:58 | INFO | Starting training...
2025-11-24 14:39:58 | INFO | ======================================================================
2025-11-24 14:39:58 | INFO | Epoch 1/20 - Training...
